<?xml version="1.0" encoding="UTF-8"?>
<testsuites name="Mocha Tests" time="0.083" tests="2" failures="0">
  <testsuite name="Root Suite" timestamp="2023-11-27T17:38:42" tests="0" time="0.000" failures="0">
  </testsuite>
  <testsuite name="Testando app do code challenge" timestamp="2023-11-27T17:38:42" tests="2" file="../test/test.js" time="0.082" failures="0">
    <testcase name="Testando pagina inicial" time="0.042" classname="Testando pagina inicial">
    </testcase>
    <testcase name="Testando healthcheck" time="0.002" classname="Testando healthcheck">
    </testcase>
  </testsuite>
</testsuites>